# Logfile created on 2012-06-18 17:22:55 -0700 by logger.rb/31641
D, [2012-06-18T17:22:56.397850 #7955] DEBUG -- :   [1m[36m (1.6ms)[0m  [1mselect sqlite_version(*)[0m
D, [2012-06-18T17:22:56.399678 #7955] DEBUG -- :   [1m[35m (1.3ms)[0m  CREATE TABLE "questions" ("id" INTEGER PRIMARY KEY AUTOINCREMENT NOT NULL, "created_at" datetime NOT NULL, "updated_at" datetime NOT NULL) 
D, [2012-06-18T17:22:56.401229 #7955] DEBUG -- :   [1m[36m (1.1ms)[0m  [1mCREATE TABLE "schema_migrations" ("version" varchar(255) NOT NULL) [0m
D, [2012-06-18T17:22:56.401402 #7955] DEBUG -- :   [1m[35m (0.0ms)[0m  PRAGMA index_list("schema_migrations")
D, [2012-06-18T17:22:56.402498 #7955] DEBUG -- :   [1m[36m (1.0ms)[0m  [1mCREATE UNIQUE INDEX "unique_schema_migrations" ON "schema_migrations" ("version")[0m
D, [2012-06-18T17:22:56.402957 #7955] DEBUG -- :   [1m[35m (0.1ms)[0m  SELECT version FROM "schema_migrations"
D, [2012-06-18T17:22:56.404021 #7955] DEBUG -- :   [1m[36m (0.9ms)[0m  [1mINSERT INTO "schema_migrations" (version) VALUES ('1')[0m
D, [2012-06-18T17:22:56.701796 #7955] DEBUG -- :   [1m[35mSQL (5.4ms)[0m  DELETE FROM "questions"
D, [2012-06-18T17:22:56.706326 #7955] DEBUG -- :   [1m[36m (0.1ms)[0m  [1mbegin transaction[0m
D, [2012-06-18T17:22:56.774450 #7955] DEBUG -- :   [1m[35mSQL (66.8ms)[0m  INSERT INTO "questions" ("created_at", "updated_at") VALUES (?, ?)  [["created_at", 2012-06-18 17:22:56 -0700], ["updated_at", 2012-06-18 17:22:56 -0700]]
D, [2012-06-18T17:22:56.775389 #7955] DEBUG -- :   [1m[36m (0.7ms)[0m  [1mcommit transaction[0m
D, [2012-06-18T17:24:35.903984 #7963] DEBUG -- :   [1m[36m (1.2ms)[0m  [1mselect sqlite_version(*)[0m
D, [2012-06-18T17:24:35.907306 #7963] DEBUG -- :   [1m[35m (2.7ms)[0m  DROP TABLE "questions"
D, [2012-06-18T17:24:35.908696 #7963] DEBUG -- :   [1m[36m (1.1ms)[0m  [1mCREATE TABLE "questions" ("id" INTEGER PRIMARY KEY AUTOINCREMENT NOT NULL, "created_at" datetime NOT NULL, "updated_at" datetime NOT NULL) [0m
D, [2012-06-18T17:24:35.909321 #7963] DEBUG -- :   [1m[35m (0.1ms)[0m  SELECT version FROM "schema_migrations"
D, [2012-06-18T17:24:36.182065 #7963] DEBUG -- :   [1m[36mSQL (3.2ms)[0m  [1mDELETE FROM "questions"[0m
D, [2012-06-18T17:24:36.186687 #7963] DEBUG -- :   [1m[35m (0.1ms)[0m  begin transaction
D, [2012-06-18T17:24:36.255406 #7963] DEBUG -- :   [1m[36mSQL (67.3ms)[0m  [1mINSERT INTO "questions" ("created_at", "updated_at") VALUES (?, ?)[0m  [["created_at", 2012-06-18 17:24:36 -0700], ["updated_at", 2012-06-18 17:24:36 -0700]]
D, [2012-06-18T17:24:36.258217 #7963] DEBUG -- :   [1m[35m (2.5ms)[0m  commit transaction
D, [2012-06-18T17:39:17.391665 #8224] DEBUG -- :   [1m[36m (1.2ms)[0m  [1mselect sqlite_version(*)[0m
D, [2012-06-18T17:39:17.395386 #8224] DEBUG -- :   [1m[35m (1.4ms)[0m  DROP TABLE "questions"
D, [2012-06-18T17:39:17.396726 #8224] DEBUG -- :   [1m[36m (1.1ms)[0m  [1mCREATE TABLE "questions" ("id" INTEGER PRIMARY KEY AUTOINCREMENT NOT NULL, "created_at" datetime NOT NULL, "updated_at" datetime NOT NULL) [0m
D, [2012-06-18T17:39:17.397358 #8224] DEBUG -- :   [1m[35m (0.1ms)[0m  SELECT version FROM "schema_migrations"
D, [2012-06-18T17:39:17.667214 #8224] DEBUG -- :   [1m[36mSQL (3.2ms)[0m  [1mDELETE FROM "questions"[0m
D, [2012-06-18T17:39:17.671652 #8224] DEBUG -- :   [1m[35m (0.0ms)[0m  begin transaction
D, [2012-06-18T17:39:17.717279 #8224] DEBUG -- :   [1m[36mSQL (44.4ms)[0m  [1mINSERT INTO "questions" ("created_at", "updated_at") VALUES (?, ?)[0m  [["created_at", 2012-06-18 17:39:17 -0700], ["updated_at", 2012-06-18 17:39:17 -0700]]
D, [2012-06-18T17:39:17.718996 #8224] DEBUG -- :   [1m[35m (1.4ms)[0m  commit transaction
D, [2012-06-18T17:41:16.341852 #8363] DEBUG -- :   [1m[36m (1.1ms)[0m  [1mselect sqlite_version(*)[0m
D, [2012-06-18T17:41:16.345292 #8363] DEBUG -- :   [1m[35m (2.8ms)[0m  DROP TABLE "questions"
D, [2012-06-18T17:41:16.346599 #8363] DEBUG -- :   [1m[36m (1.0ms)[0m  [1mCREATE TABLE "questions" ("id" INTEGER PRIMARY KEY AUTOINCREMENT NOT NULL, "created_at" datetime NOT NULL, "updated_at" datetime NOT NULL) [0m
D, [2012-06-18T17:41:16.347249 #8363] DEBUG -- :   [1m[35m (0.1ms)[0m  SELECT version FROM "schema_migrations"
D, [2012-06-18T17:41:16.637484 #8363] DEBUG -- :   [1m[36mSQL (3.3ms)[0m  [1mDELETE FROM "questions"[0m
D, [2012-06-18T17:41:16.642463 #8363] DEBUG -- :   [1m[35m (0.1ms)[0m  begin transaction
D, [2012-06-18T17:41:16.688880 #8363] DEBUG -- :   [1m[36mSQL (45.1ms)[0m  [1mINSERT INTO "questions" ("created_at", "updated_at") VALUES (?, ?)[0m  [["created_at", 2012-06-18 17:41:16 -0700], ["updated_at", 2012-06-18 17:41:16 -0700]]
D, [2012-06-18T17:41:16.690253 #8363] DEBUG -- :   [1m[35m (1.1ms)[0m  commit transaction
D, [2012-06-18T17:43:57.007114 #8379] DEBUG -- :   [1m[36m (1.1ms)[0m  [1mselect sqlite_version(*)[0m
D, [2012-06-18T17:43:57.010366 #8379] DEBUG -- :   [1m[35m (2.7ms)[0m  DROP TABLE "questions"
D, [2012-06-18T17:43:57.011984 #8379] DEBUG -- :   [1m[36m (1.3ms)[0m  [1mCREATE TABLE "questions" ("id" INTEGER PRIMARY KEY AUTOINCREMENT NOT NULL, "created_at" datetime NOT NULL, "updated_at" datetime NOT NULL) [0m
D, [2012-06-18T17:43:57.012615 #8379] DEBUG -- :   [1m[35m (0.1ms)[0m  SELECT version FROM "schema_migrations"
D, [2012-06-18T17:43:57.293601 #8379] DEBUG -- :   [1m[36mSQL (2.8ms)[0m  [1mDELETE FROM "questions"[0m
D, [2012-06-18T17:43:57.298194 #8379] DEBUG -- :   [1m[35m (0.1ms)[0m  begin transaction
D, [2012-06-18T17:43:57.345650 #8379] DEBUG -- :   [1m[36mSQL (46.1ms)[0m  [1mINSERT INTO "questions" ("created_at", "updated_at") VALUES (?, ?)[0m  [["created_at", 2012-06-18 17:43:57 -0700], ["updated_at", 2012-06-18 17:43:57 -0700]]
D, [2012-06-18T17:43:57.346865 #8379] DEBUG -- :   [1m[35m (0.9ms)[0m  commit transaction
D, [2012-06-18T17:47:47.953595 #8391] DEBUG -- :   [1m[36m (1.1ms)[0m  [1mselect sqlite_version(*)[0m
D, [2012-06-18T17:47:47.956381 #8391] DEBUG -- :   [1m[35m (2.3ms)[0m  DROP TABLE "questions"
D, [2012-06-18T17:47:47.957764 #8391] DEBUG -- :   [1m[36m (1.1ms)[0m  [1mCREATE TABLE "questions" ("id" INTEGER PRIMARY KEY AUTOINCREMENT NOT NULL, "created_at" datetime NOT NULL, "updated_at" datetime NOT NULL) [0m
D, [2012-06-18T17:47:47.958386 #8391] DEBUG -- :   [1m[35m (0.1ms)[0m  SELECT version FROM "schema_migrations"
D, [2012-06-18T17:47:48.246075 #8391] DEBUG -- :   [1m[36mSQL (3.1ms)[0m  [1mDELETE FROM "questions"[0m
D, [2012-06-18T17:47:48.252325 #8391] DEBUG -- :   [1m[35m (0.1ms)[0m  begin transaction
D, [2012-06-18T17:47:48.301115 #8391] DEBUG -- :   [1m[36mSQL (47.5ms)[0m  [1mINSERT INTO "questions" ("created_at", "updated_at") VALUES (?, ?)[0m  [["created_at", 2012-06-18 17:47:48 -0700], ["updated_at", 2012-06-18 17:47:48 -0700]]
D, [2012-06-18T17:47:48.302208 #8391] DEBUG -- :   [1m[35m (0.8ms)[0m  commit transaction
D, [2012-06-18T17:50:38.801297 #8410] DEBUG -- :   [1m[36m (1.1ms)[0m  [1mselect sqlite_version(*)[0m
D, [2012-06-18T17:50:38.804622 #8410] DEBUG -- :   [1m[35m (2.8ms)[0m  DROP TABLE "questions"
D, [2012-06-18T17:50:38.806091 #8410] DEBUG -- :   [1m[36m (1.2ms)[0m  [1mCREATE TABLE "questions" ("id" INTEGER PRIMARY KEY AUTOINCREMENT NOT NULL, "created_at" datetime NOT NULL, "updated_at" datetime NOT NULL) [0m
D, [2012-06-18T17:50:38.806705 #8410] DEBUG -- :   [1m[35m (0.1ms)[0m  SELECT version FROM "schema_migrations"
D, [2012-06-18T17:50:39.086849 #8410] DEBUG -- :   [1m[36mSQL (3.1ms)[0m  [1mDELETE FROM "questions"[0m
D, [2012-06-18T17:50:39.091179 #8410] DEBUG -- :   [1m[35m (0.0ms)[0m  begin transaction
D, [2012-06-18T17:50:39.137474 #8410] DEBUG -- :   [1m[36mSQL (45.0ms)[0m  [1mINSERT INTO "questions" ("created_at", "updated_at") VALUES (?, ?)[0m  [["created_at", 2012-06-18 17:50:39 -0700], ["updated_at", 2012-06-18 17:50:39 -0700]]
D, [2012-06-18T17:50:39.138693 #8410] DEBUG -- :   [1m[35m (0.9ms)[0m  commit transaction
D, [2012-06-18T17:51:57.626255 #8529] DEBUG -- :   [1m[36m (1.2ms)[0m  [1mselect sqlite_version(*)[0m
D, [2012-06-18T17:51:57.629161 #8529] DEBUG -- :   [1m[35m (2.3ms)[0m  DROP TABLE "questions"
D, [2012-06-18T17:51:57.630854 #8529] DEBUG -- :   [1m[36m (1.4ms)[0m  [1mCREATE TABLE "questions" ("id" INTEGER PRIMARY KEY AUTOINCREMENT NOT NULL, "created_at" datetime NOT NULL, "updated_at" datetime NOT NULL) [0m
D, [2012-06-18T17:51:57.631512 #8529] DEBUG -- :   [1m[35m (0.1ms)[0m  SELECT version FROM "schema_migrations"
D, [2012-06-18T17:51:57.909370 #8529] DEBUG -- :   [1m[36mSQL (3.1ms)[0m  [1mDELETE FROM "questions"[0m
D, [2012-06-18T17:51:57.913767 #8529] DEBUG -- :   [1m[35m (0.0ms)[0m  begin transaction
D, [2012-06-18T17:51:57.961061 #8529] DEBUG -- :   [1m[36mSQL (46.0ms)[0m  [1mINSERT INTO "questions" ("created_at", "updated_at") VALUES (?, ?)[0m  [["created_at", 2012-06-18 17:51:57 -0700], ["updated_at", 2012-06-18 17:51:57 -0700]]
D, [2012-06-18T17:51:57.962538 #8529] DEBUG -- :   [1m[35m (1.2ms)[0m  commit transaction
D, [2012-06-18T17:52:16.492068 #8533] DEBUG -- :   [1m[36m (1.1ms)[0m  [1mselect sqlite_version(*)[0m
D, [2012-06-18T17:52:16.493913 #8533] DEBUG -- :   [1m[35m (1.3ms)[0m  DROP TABLE "questions"
D, [2012-06-18T17:52:16.495179 #8533] DEBUG -- :   [1m[36m (1.0ms)[0m  [1mCREATE TABLE "questions" ("id" INTEGER PRIMARY KEY AUTOINCREMENT NOT NULL, "created_at" datetime NOT NULL, "updated_at" datetime NOT NULL) [0m
D, [2012-06-18T17:52:16.495803 #8533] DEBUG -- :   [1m[35m (0.1ms)[0m  SELECT version FROM "schema_migrations"
D, [2012-06-18T17:52:16.773204 #8533] DEBUG -- :   [1m[36mSQL (5.7ms)[0m  [1mDELETE FROM "questions"[0m
D, [2012-06-18T17:52:16.777738 #8533] DEBUG -- :   [1m[35m (0.1ms)[0m  begin transaction
D, [2012-06-18T17:52:16.824104 #8533] DEBUG -- :   [1m[36mSQL (44.9ms)[0m  [1mINSERT INTO "questions" ("created_at", "updated_at") VALUES (?, ?)[0m  [["created_at", 2012-06-18 17:52:16 -0700], ["updated_at", 2012-06-18 17:52:16 -0700]]
D, [2012-06-18T17:52:16.825421 #8533] DEBUG -- :   [1m[35m (1.0ms)[0m  commit transaction
D, [2012-06-18T17:53:09.891957 #8540] DEBUG -- :   [1m[36m (1.1ms)[0m  [1mselect sqlite_version(*)[0m
D, [2012-06-18T17:53:09.895272 #8540] DEBUG -- :   [1m[35m (2.8ms)[0m  DROP TABLE "questions"
D, [2012-06-18T17:53:09.896528 #8540] DEBUG -- :   [1m[36m (1.0ms)[0m  [1mCREATE TABLE "questions" ("id" INTEGER PRIMARY KEY AUTOINCREMENT NOT NULL, "created_at" datetime NOT NULL, "updated_at" datetime NOT NULL) [0m
D, [2012-06-18T17:53:09.897174 #8540] DEBUG -- :   [1m[35m (0.1ms)[0m  SELECT version FROM "schema_migrations"
D, [2012-06-18T17:53:10.175968 #8540] DEBUG -- :   [1m[36mSQL (3.0ms)[0m  [1mDELETE FROM "questions"[0m
D, [2012-06-18T17:53:10.180444 #8540] DEBUG -- :   [1m[35m (0.1ms)[0m  begin transaction
D, [2012-06-18T17:53:10.226714 #8540] DEBUG -- :   [1m[36mSQL (45.0ms)[0m  [1mINSERT INTO "questions" ("created_at", "updated_at") VALUES (?, ?)[0m  [["created_at", 2012-06-18 17:53:10 -0700], ["updated_at", 2012-06-18 17:53:10 -0700]]
D, [2012-06-18T17:53:10.228113 #8540] DEBUG -- :   [1m[35m (1.1ms)[0m  commit transaction
D, [2012-06-18T18:04:59.858981 #8586] DEBUG -- :   [1m[36m (1.1ms)[0m  [1mselect sqlite_version(*)[0m
D, [2012-06-18T18:04:59.862285 #8586] DEBUG -- :   [1m[35m (2.7ms)[0m  DROP TABLE "questions"
D, [2012-06-18T18:04:59.863770 #8586] DEBUG -- :   [1m[36m (1.2ms)[0m  [1mCREATE TABLE "questions" ("id" INTEGER PRIMARY KEY AUTOINCREMENT NOT NULL, "created_at" datetime NOT NULL, "updated_at" datetime NOT NULL) [0m
D, [2012-06-18T18:04:59.864407 #8586] DEBUG -- :   [1m[35m (0.1ms)[0m  SELECT version FROM "schema_migrations"
D, [2012-06-18T18:05:00.137770 #8586] DEBUG -- :   [1m[36mSQL (3.2ms)[0m  [1mDELETE FROM "questions"[0m
D, [2012-06-18T18:05:00.142157 #8586] DEBUG -- :   [1m[35m (0.1ms)[0m  begin transaction
D, [2012-06-18T18:05:00.189472 #8586] DEBUG -- :   [1m[36mSQL (46.0ms)[0m  [1mINSERT INTO "questions" ("created_at", "updated_at") VALUES (?, ?)[0m  [["created_at", 2012-06-18 18:05:00 -0700], ["updated_at", 2012-06-18 18:05:00 -0700]]
D, [2012-06-18T18:05:00.190884 #8586] DEBUG -- :   [1m[35m (1.1ms)[0m  commit transaction
D, [2012-06-18T18:05:12.851928 #8587] DEBUG -- :   [1m[36m (1.1ms)[0m  [1mselect sqlite_version(*)[0m
D, [2012-06-18T18:05:12.855243 #8587] DEBUG -- :   [1m[35m (2.8ms)[0m  DROP TABLE "questions"
D, [2012-06-18T18:05:12.856703 #8587] DEBUG -- :   [1m[36m (1.2ms)[0m  [1mCREATE TABLE "questions" ("id" INTEGER PRIMARY KEY AUTOINCREMENT NOT NULL, "created_at" datetime NOT NULL, "updated_at" datetime NOT NULL) [0m
D, [2012-06-18T18:05:12.857336 #8587] DEBUG -- :   [1m[35m (0.1ms)[0m  SELECT version FROM "schema_migrations"
D, [2012-06-18T18:05:13.131455 #8587] DEBUG -- :   [1m[36mSQL (3.2ms)[0m  [1mDELETE FROM "questions"[0m
D, [2012-06-18T18:05:13.136124 #8587] DEBUG -- :   [1m[35m (0.1ms)[0m  begin transaction
D, [2012-06-18T18:05:13.183164 #8587] DEBUG -- :   [1m[36mSQL (45.7ms)[0m  [1mINSERT INTO "questions" ("created_at", "updated_at") VALUES (?, ?)[0m  [["created_at", 2012-06-18 18:05:13 -0700], ["updated_at", 2012-06-18 18:05:13 -0700]]
D, [2012-06-18T18:05:13.184597 #8587] DEBUG -- :   [1m[35m (1.2ms)[0m  commit transaction
D, [2012-06-18T18:06:30.668888 #8719] DEBUG -- :   [1m[36m (1.3ms)[0m  [1mselect sqlite_version(*)[0m
D, [2012-06-18T18:06:30.671777 #8719] DEBUG -- :   [1m[35m (2.3ms)[0m  DROP TABLE "questions"
D, [2012-06-18T18:06:30.672877 #8719] DEBUG -- :   [1m[36m (0.8ms)[0m  [1mCREATE TABLE "questions" ("id" INTEGER PRIMARY KEY AUTOINCREMENT NOT NULL, "created_at" datetime NOT NULL, "updated_at" datetime NOT NULL) [0m
D, [2012-06-18T18:06:30.673582 #8719] DEBUG -- :   [1m[35m (0.1ms)[0m  SELECT version FROM "schema_migrations"
D, [2012-06-18T18:06:30.964850 #8719] DEBUG -- :   [1m[36mSQL (2.1ms)[0m  [1mDELETE FROM "questions"[0m
D, [2012-06-18T18:06:30.969329 #8719] DEBUG -- :   [1m[35m (0.0ms)[0m  begin transaction
D, [2012-06-18T18:06:31.014900 #8719] DEBUG -- :   [1m[36mSQL (44.3ms)[0m  [1mINSERT INTO "questions" ("created_at", "updated_at") VALUES (?, ?)[0m  [["created_at", 2012-06-18 18:06:30 -0700], ["updated_at", 2012-06-18 18:06:30 -0700]]
D, [2012-06-18T18:06:31.016315 #8719] DEBUG -- :   [1m[35m (1.1ms)[0m  commit transaction
D, [2012-06-18T18:11:42.426346 #8742] DEBUG -- :   [1m[36m (1.3ms)[0m  [1mselect sqlite_version(*)[0m
D, [2012-06-18T18:11:42.429566 #8742] DEBUG -- :   [1m[35m (2.6ms)[0m  DROP TABLE "questions"
D, [2012-06-18T18:11:42.431036 #8742] DEBUG -- :   [1m[36m (1.2ms)[0m  [1mCREATE TABLE "questions" ("id" INTEGER PRIMARY KEY AUTOINCREMENT NOT NULL, "created_at" datetime NOT NULL, "updated_at" datetime NOT NULL) [0m
D, [2012-06-18T18:11:42.431659 #8742] DEBUG -- :   [1m[35m (0.1ms)[0m  SELECT version FROM "schema_migrations"
D, [2012-06-18T18:11:42.702426 #8742] DEBUG -- :   [1m[36mSQL (3.1ms)[0m  [1mDELETE FROM "questions"[0m
D, [2012-06-18T18:11:42.706919 #8742] DEBUG -- :   [1m[35m (0.1ms)[0m  begin transaction
D, [2012-06-18T18:11:42.753137 #8742] DEBUG -- :   [1m[36mSQL (45.0ms)[0m  [1mINSERT INTO "questions" ("created_at", "updated_at") VALUES (?, ?)[0m  [["created_at", 2012-06-18 18:11:42 -0700], ["updated_at", 2012-06-18 18:11:42 -0700]]
D, [2012-06-18T18:11:42.754513 #8742] DEBUG -- :   [1m[35m (1.1ms)[0m  commit transaction
D, [2012-06-18T18:11:42.798567 #8742] DEBUG -- :   [1m[36mQuestion Load (0.2ms)[0m  [1mSELECT "questions".* FROM "questions" LIMIT 1[0m
D, [2012-06-18T18:12:55.802011 #8752] DEBUG -- :   [1m[36m (1.2ms)[0m  [1mselect sqlite_version(*)[0m
D, [2012-06-18T18:12:55.805312 #8752] DEBUG -- :   [1m[35m (2.7ms)[0m  DROP TABLE "questions"
D, [2012-06-18T18:12:55.806790 #8752] DEBUG -- :   [1m[36m (1.2ms)[0m  [1mCREATE TABLE "questions" ("id" INTEGER PRIMARY KEY AUTOINCREMENT NOT NULL, "created_at" datetime NOT NULL, "updated_at" datetime NOT NULL) [0m
D, [2012-06-18T18:12:55.807437 #8752] DEBUG -- :   [1m[35m (0.1ms)[0m  SELECT version FROM "schema_migrations"
D, [2012-06-18T18:12:56.083821 #8752] DEBUG -- :   [1m[36mSQL (3.2ms)[0m  [1mDELETE FROM "questions"[0m
D, [2012-06-18T18:12:56.088517 #8752] DEBUG -- :   [1m[35m (0.1ms)[0m  begin transaction
D, [2012-06-18T18:12:56.134586 #8752] DEBUG -- :   [1m[36mSQL (44.8ms)[0m  [1mINSERT INTO "questions" ("created_at", "updated_at") VALUES (?, ?)[0m  [["created_at", 2012-06-18 18:12:56 -0700], ["updated_at", 2012-06-18 18:12:56 -0700]]
D, [2012-06-18T18:12:56.135970 #8752] DEBUG -- :   [1m[35m (1.1ms)[0m  commit transaction
D, [2012-06-18T18:12:56.178768 #8752] DEBUG -- :   [1m[36mQuestion Load (0.2ms)[0m  [1mSELECT "questions".* FROM "questions" LIMIT 1[0m
D, [2012-06-18T19:10:17.437184 #9372] DEBUG -- :   [1m[36m (1.3ms)[0m  [1mselect sqlite_version(*)[0m
D, [2012-06-18T19:10:17.439235 #9372] DEBUG -- :   [1m[35m (1.0ms)[0m  DROP TABLE "questions"
D, [2012-06-18T19:10:17.440312 #9372] DEBUG -- :   [1m[36m (0.8ms)[0m  [1mCREATE TABLE "questions" ("id" INTEGER PRIMARY KEY AUTOINCREMENT NOT NULL, "created_at" datetime NOT NULL, "updated_at" datetime NOT NULL) [0m
D, [2012-06-18T19:10:17.440938 #9372] DEBUG -- :   [1m[35m (0.1ms)[0m  SELECT version FROM "schema_migrations"
D, [2012-06-18T19:10:17.740410 #9372] DEBUG -- :   [1m[36mSQL (3.3ms)[0m  [1mDELETE FROM "questions"[0m
D, [2012-06-18T19:10:17.744861 #9372] DEBUG -- :   [1m[35m (0.1ms)[0m  begin transaction
D, [2012-06-18T19:10:17.792025 #9372] DEBUG -- :   [1m[36mSQL (45.9ms)[0m  [1mINSERT INTO "questions" ("created_at", "updated_at") VALUES (?, ?)[0m  [["created_at", 2012-06-18 19:10:17 -0700], ["updated_at", 2012-06-18 19:10:17 -0700]]
D, [2012-06-18T19:10:17.793309 #9372] DEBUG -- :   [1m[35m (0.9ms)[0m  commit transaction
D, [2012-06-18T19:10:17.834270 #9372] DEBUG -- :   [1m[36mQuestion Load (0.2ms)[0m  [1mSELECT "questions".* FROM "questions" LIMIT 1[0m
D, [2012-06-18T19:15:32.793193 #9413] DEBUG -- :   [1m[36m (1.7ms)[0m  [1mselect sqlite_version(*)[0m
D, [2012-06-18T19:15:32.798991 #9413] DEBUG -- :   [1m[35m (5.3ms)[0m  DROP TABLE "questions"
D, [2012-06-18T19:15:32.800905 #9413] DEBUG -- :   [1m[36m (1.5ms)[0m  [1mCREATE TABLE "questions" ("id" INTEGER PRIMARY KEY AUTOINCREMENT NOT NULL, "created_at" datetime NOT NULL, "updated_at" datetime NOT NULL) [0m
D, [2012-06-18T19:15:32.801545 #9413] DEBUG -- :   [1m[35m (0.1ms)[0m  SELECT version FROM "schema_migrations"
D, [2012-06-18T19:15:33.101941 #9413] DEBUG -- :   [1m[36mSQL (1.8ms)[0m  [1mDELETE FROM "questions"[0m
D, [2012-06-18T19:15:33.106582 #9413] DEBUG -- :   [1m[35m (0.1ms)[0m  begin transaction
D, [2012-06-18T19:15:33.153453 #9413] DEBUG -- :   [1m[36mSQL (45.6ms)[0m  [1mINSERT INTO "questions" ("created_at", "updated_at") VALUES (?, ?)[0m  [["created_at", 2012-06-18 19:15:33 -0700], ["updated_at", 2012-06-18 19:15:33 -0700]]
D, [2012-06-18T19:15:33.154643 #9413] DEBUG -- :   [1m[35m (0.9ms)[0m  commit transaction
D, [2012-06-18T19:15:33.193879 #9413] DEBUG -- :   [1m[36mQuestion Load (0.2ms)[0m  [1mSELECT "questions".* FROM "questions" LIMIT 1[0m
D, [2012-06-18T19:17:42.249706 #9432] DEBUG -- :   [1m[36m (1.1ms)[0m  [1mselect sqlite_version(*)[0m
D, [2012-06-18T19:17:42.252669 #9432] DEBUG -- :   [1m[35m (2.5ms)[0m  DROP TABLE "questions"
D, [2012-06-18T19:17:42.254021 #9432] DEBUG -- :   [1m[36m (1.1ms)[0m  [1mCREATE TABLE "questions" ("id" INTEGER PRIMARY KEY AUTOINCREMENT NOT NULL, "created_at" datetime NOT NULL, "updated_at" datetime NOT NULL) [0m
D, [2012-06-18T19:17:42.254733 #9432] DEBUG -- :   [1m[35m (0.1ms)[0m  SELECT version FROM "schema_migrations"
D, [2012-06-18T19:17:42.549728 #9432] DEBUG -- :   [1m[36mSQL (3.2ms)[0m  [1mDELETE FROM "questions"[0m
D, [2012-06-18T19:17:42.554069 #9432] DEBUG -- :   [1m[35m (0.1ms)[0m  begin transaction
D, [2012-06-18T19:17:42.600909 #9432] DEBUG -- :   [1m[36mSQL (45.6ms)[0m  [1mINSERT INTO "questions" ("created_at", "updated_at") VALUES (?, ?)[0m  [["created_at", 2012-06-18 19:17:42 -0700], ["updated_at", 2012-06-18 19:17:42 -0700]]
D, [2012-06-18T19:17:42.602198 #9432] DEBUG -- :   [1m[35m (1.0ms)[0m  commit transaction
D, [2012-06-18T19:17:42.642311 #9432] DEBUG -- :   [1m[36mQuestion Load (0.2ms)[0m  [1mSELECT "questions".* FROM "questions" LIMIT 1[0m
